Command line invocation:
    /Applications/Xcode-26.3.0-Release.Candidate.2.app/Contents/Developer/usr/bin/xcodebuild -project sun-day.xcodeproj -scheme sun-day -destination "platform=iOS Simulator,id=D14F0BB4-8D24-46F6-9208-9B1B46F23FB5" -derivedDataPath .DerivedData build

2026-03-10 13:40:34.631 xcodebuild[97822:1012213] [MT] IDERunDestination: Supported platforms for the buildables in the current scheme is empty.
ComputePackagePrebuildTargetDependencyGraph

Prepare packages

CreateBuildRequest

SendProjectDescription

CreateBuildOperation

ComputeTargetDependencyGraph
note: Building targets in dependency order
note: Target dependency graph (1 target)
    Target 'sun-day' in project 'sun-day' (no dependencies)

GatherProvisioningInputs

CreateBuildDescription

ExecuteExternalTool /Applications/Xcode-26.3.0-Release.Candidate.2.app/Contents/Developer/Toolchains/XcodeDefault.xctoolchain/usr/bin/clang -v -E -dM -isysroot /Applications/Xcode-26.3.0-Release.Candidate.2.app/Contents/Developer/Platforms/iPhoneSimulator.platform/Developer/SDKs/iPhoneSimulator26.2.sdk -x c -c /dev/null

ExecuteExternalTool /Applications/Xcode-26.3.0-Release.Candidate.2.app/Contents/Developer/usr/bin/actool --print-asset-tag-combinations --output-format xml1 /Users/peyton/Projects/sun-day/sun-day/Assets.xcassets

ExecuteExternalTool /Applications/Xcode-26.3.0-Release.Candidate.2.app/Contents/Developer/usr/bin/actool --version --output-format xml1

ExecuteExternalTool /Applications/Xcode-26.3.0-Release.Candidate.2.app/Contents/Developer/Toolchains/XcodeDefault.xctoolchain/usr/bin/swiftc --version

ExecuteExternalTool /Applications/Xcode-26.3.0-Release.Candidate.2.app/Contents/Developer/Toolchains/XcodeDefault.xctoolchain/usr/bin/ld -version_details

Build description signature: aa5ea638ac3fbd0920bb878752491f2e
Build description path: /Users/peyton/Projects/sun-day/.DerivedData/Build/Intermediates.noindex/XCBuildData/aa5ea638ac3fbd0920bb878752491f2e.xcbuilddata
ProcessProductPackaging /Users/peyton/Projects/sun-day/sun-day/sun_day.entitlements /Users/peyton/Projects/sun-day/.DerivedData/Build/Intermediates.noindex/sun-day.build/Debug-iphonesimulator/sun-day.build/SunscreenTrack.app-Simulated.xcent (in target 'sun-day' from project 'sun-day')
    cd /Users/peyton/Projects/sun-day
    
    Entitlements:
    
    {
    "application-identifier" = "3VDQ4656LX.app.peyton.sun-day";
}
    
    builtin-productPackagingUtility /Users/peyton/Projects/sun-day/sun-day/sun_day.entitlements -entitlements -format xml -o /Users/peyton/Projects/sun-day/.DerivedData/Build/Intermediates.noindex/sun-day.build/Debug-iphonesimulator/sun-day.build/SunscreenTrack.app-Simulated.xcent

ProcessProductPackaging /Users/peyton/Projects/sun-day/sun-day/sun_day.entitlements /Users/peyton/Projects/sun-day/.DerivedData/Build/Intermediates.noindex/sun-day.build/Debug-iphonesimulator/sun-day.build/SunscreenTrack.app.xcent (in target 'sun-day' from project 'sun-day')
    cd /Users/peyton/Projects/sun-day
    
    Entitlements:
    
    {
}
    
    builtin-productPackagingUtility /Users/peyton/Projects/sun-day/sun-day/sun_day.entitlements -entitlements -format xml -o /Users/peyton/Projects/sun-day/.DerivedData/Build/Intermediates.noindex/sun-day.build/Debug-iphonesimulator/sun-day.build/SunscreenTrack.app.xcent

ProcessProductPackagingDER /Users/peyton/Projects/sun-day/.DerivedData/Build/Intermediates.noindex/sun-day.build/Debug-iphonesimulator/sun-day.build/SunscreenTrack.app-Simulated.xcent /Users/peyton/Projects/sun-day/.DerivedData/Build/Intermediates.noindex/sun-day.build/Debug-iphonesimulator/sun-day.build/SunscreenTrack.app-Simulated.xcent.der (in target 'sun-day' from project 'sun-day')
    cd /Users/peyton/Projects/sun-day
    /usr/bin/derq query -f xml -i /Users/peyton/Projects/sun-day/.DerivedData/Build/Intermediates.noindex/sun-day.build/Debug-iphonesimulator/sun-day.build/SunscreenTrack.app-Simulated.xcent -o /Users/peyton/Projects/sun-day/.DerivedData/Build/Intermediates.noindex/sun-day.build/Debug-iphonesimulator/sun-day.build/SunscreenTrack.app-Simulated.xcent.der --raw

ProcessProductPackagingDER /Users/peyton/Projects/sun-day/.DerivedData/Build/Intermediates.noindex/sun-day.build/Debug-iphonesimulator/sun-day.build/SunscreenTrack.app.xcent /Users/peyton/Projects/sun-day/.DerivedData/Build/Intermediates.noindex/sun-day.build/Debug-iphonesimulator/sun-day.build/SunscreenTrack.app.xcent.der (in target 'sun-day' from project 'sun-day')
    cd /Users/peyton/Projects/sun-day
    /usr/bin/derq query -f xml -i /Users/peyton/Projects/sun-day/.DerivedData/Build/Intermediates.noindex/sun-day.build/Debug-iphonesimulator/sun-day.build/SunscreenTrack.app.xcent -o /Users/peyton/Projects/sun-day/.DerivedData/Build/Intermediates.noindex/sun-day.build/Debug-iphonesimulator/sun-day.build/SunscreenTrack.app.xcent.der --raw

Ld /Users/peyton/Projects/sun-day/.DerivedData/Build/Products/Debug-iphonesimulator/SunscreenTrack.app/__preview.dylib normal (in target 'sun-day' from project 'sun-day')
    cd /Users/peyton/Projects/sun-day
    /Applications/Xcode-26.3.0-Release.Candidate.2.app/Contents/Developer/Toolchains/XcodeDefault.xctoolchain/usr/bin/clang -Xlinker -reproducible -target arm64-apple-ios18.0-simulator -dynamiclib -isysroot /Applications/Xcode-26.3.0-Release.Candidate.2.app/Contents/Developer/Platforms/iPhoneSimulator.platform/Developer/SDKs/iPhoneSimulator26.2.sdk -O0 -L/Users/peyton/Projects/sun-day/.DerivedData/Build/Products/Debug-iphonesimulator -F/Users/peyton/Projects/sun-day/.DerivedData/Build/Products/Debug-iphonesimulator -install_name @rpath/SunscreenTrack.debug.dylib -dead_strip -rdynamic -Xlinker -no_deduplicate -Xlinker -objc_abi_version -Xlinker 2 -Xlinker -debug_variant -Xlinker -dependency_info -Xlinker /Users/peyton/Projects/sun-day/.DerivedData/Build/Intermediates.noindex/sun-day.build/Debug-iphonesimulator/sun-day.build/Objects-normal/arm64/SunscreenTrack_dependency_info.dat -Xlinker -sectcreate -Xlinker __TEXT -Xlinker __entitlements -Xlinker /Users/peyton/Projects/sun-day/.DerivedData/Build/Intermediates.noindex/sun-day.build/Debug-iphonesimulator/sun-day.build/SunscreenTrack.app-Simulated.xcent -Xlinker -sectcreate -Xlinker __TEXT -Xlinker __ents_der -Xlinker /Users/peyton/Projects/sun-day/.DerivedData/Build/Intermediates.noindex/sun-day.build/Debug-iphonesimulator/sun-day.build/SunscreenTrack.app-Simulated.xcent.der -Xlinker -no_adhoc_codesign -o /Users/peyton/Projects/sun-day/.DerivedData/Build/Products/Debug-iphonesimulator/SunscreenTrack.app/__preview.dylib

ClangStatCache /Applications/Xcode-26.3.0-Release.Candidate.2.app/Contents/Developer/Toolchains/XcodeDefault.xctoolchain/usr/bin/clang-stat-cache /Applications/Xcode-26.3.0-Release.Candidate.2.app/Contents/Developer/Platforms/iPhoneSimulator.platform/Developer/SDKs/iPhoneSimulator26.2.sdk /Users/peyton/Projects/sun-day/.DerivedData/SDKStatCaches.noindex/iphonesimulator26.2-23C57-8d935a9d00548f484ce9b88c17a2ead6.sdkstatcache
    cd /Users/peyton/Projects/sun-day/sun-day.xcodeproj
    /Applications/Xcode-26.3.0-Release.Candidate.2.app/Contents/Developer/Toolchains/XcodeDefault.xctoolchain/usr/bin/clang-stat-cache /Applications/Xcode-26.3.0-Release.Candidate.2.app/Contents/Developer/Platforms/iPhoneSimulator.platform/Developer/SDKs/iPhoneSimulator26.2.sdk -o /Users/peyton/Projects/sun-day/.DerivedData/SDKStatCaches.noindex/iphonesimulator26.2-23C57-8d935a9d00548f484ce9b88c17a2ead6.sdkstatcache
Base directory status changed. Regenerating...

ProcessInfoPlistFile /Users/peyton/Projects/sun-day/.DerivedData/Build/Products/Debug-iphonesimulator/SunscreenTrack.app/Info.plist /Users/peyton/Projects/sun-day/sun-day/Info.plist (in target 'sun-day' from project 'sun-day')
    cd /Users/peyton/Projects/sun-day
    builtin-infoPlistUtility /Users/peyton/Projects/sun-day/sun-day/Info.plist -producttype com.apple.product-type.application -genpkginfo /Users/peyton/Projects/sun-day/.DerivedData/Build/Products/Debug-iphonesimulator/SunscreenTrack.app/PkgInfo -expandbuildsettings -format binary -platform iphonesimulator -additionalcontentfile /Users/peyton/Projects/sun-day/.DerivedData/Build/Intermediates.noindex/sun-day.build/Debug-iphonesimulator/sun-day.build/assetcatalog_generated_info.plist -o /Users/peyton/Projects/sun-day/.DerivedData/Build/Products/Debug-iphonesimulator/SunscreenTrack.app/Info.plist

SwiftDriver sun-day normal arm64 com.apple.xcode.tools.swift.compiler (in target 'sun-day' from project 'sun-day')
    cd /Users/peyton/Projects/sun-day
    builtin-SwiftDriver -- /Applications/Xcode-26.3.0-Release.Candidate.2.app/Contents/Developer/Toolchains/XcodeDefault.xctoolchain/usr/bin/swiftc -module-name SunscreenTrack -Onone -enforce-exclusivity\=checked @/Users/peyton/Projects/sun-day/.DerivedData/Build/Intermediates.noindex/sun-day.build/Debug-iphonesimulator/sun-day.build/Objects-normal/arm64/SunscreenTrack.SwiftFileList -DDEBUG -default-isolation\=MainActor -enable-upcoming-feature MemberImportVisibility -enable-upcoming-feature InferIsolatedConformances -enable-upcoming-feature NonisolatedNonsendingByDefault -enable-experimental-feature DebugDescriptionMacro -sdk /Applications/Xcode-26.3.0-Release.Candidate.2.app/Contents/Developer/Platforms/iPhoneSimulator.platform/Developer/SDKs/iPhoneSimulator26.2.sdk -target arm64-apple-ios18.0-simulator -g -module-cache-path /Users/peyton/Projects/sun-day/.DerivedData/ModuleCache.noindex -Xfrontend -serialize-debugging-options -profile-coverage-mapping -profile-generate -enable-testing -index-store-path /Users/peyton/Projects/sun-day/.DerivedData/Index.noindex/DataStore -Xcc -D_LIBCPP_HARDENING_MODE\=_LIBCPP_HARDENING_MODE_DEBUG -swift-version 6 -I /Users/peyton/Projects/sun-day/.DerivedData/Build/Products/Debug-iphonesimulator -F /Users/peyton/Projects/sun-day/.DerivedData/Build/Products/Debug-iphonesimulator -emit-localized-strings -emit-localized-strings-path /Users/peyton/Projects/sun-day/.DerivedData/Build/Intermediates.noindex/sun-day.build/Debug-iphonesimulator/sun-day.build/Objects-normal/arm64 -c -j12 -enable-batch-mode -incremental -Xcc -ivfsstatcache -Xcc /Users/peyton/Projects/sun-day/.DerivedData/SDKStatCaches.noindex/iphonesimulator26.2-23C57-8d935a9d00548f484ce9b88c17a2ead6.sdkstatcache -output-file-map /Users/peyton/Projects/sun-day/.DerivedData/Build/Intermediates.noindex/sun-day.build/Debug-iphonesimulator/sun-day.build/Objects-normal/arm64/sun-day-OutputFileMap.json -use-frontend-parseable-output -save-temps -no-color-diagnostics -explicit-module-build -module-cache-path /Users/peyton/Projects/sun-day/.DerivedData/Build/Intermediates.noindex/SwiftExplicitPrecompiledModules -clang-scanner-module-cache-path /Users/peyton/Projects/sun-day/.DerivedData/ModuleCache.noindex -sdk-module-cache-path /Users/peyton/Projects/sun-day/.DerivedData/ModuleCache.noindex -serialize-diagnostics -emit-dependencies -emit-module -emit-module-path /Users/peyton/Projects/sun-day/.DerivedData/Build/Intermediates.noindex/sun-day.build/Debug-iphonesimulator/sun-day.build/Objects-normal/arm64/SunscreenTrack.swiftmodule -validate-clang-modules-once -clang-build-session-file /Users/peyton/Projects/sun-day/.DerivedData/ModuleCache.noindex/Session.modulevalidation -Xcc -I/Users/peyton/Projects/sun-day/.DerivedData/Build/Intermediates.noindex/sun-day.build/Debug-iphonesimulator/sun-day.build/swift-overrides.hmap -emit-const-values -Xfrontend -const-gather-protocols-file -Xfrontend /Users/peyton/Projects/sun-day/.DerivedData/Build/Intermediates.noindex/sun-day.build/Debug-iphonesimulator/sun-day.build/Objects-normal/arm64/sun-day_const_extract_protocols.json -Xcc -iquote -Xcc /Users/peyton/Projects/sun-day/.DerivedData/Build/Intermediates.noindex/sun-day.build/Debug-iphonesimulator/sun-day.build/SunscreenTrack-generated-files.hmap -Xcc -I/Users/peyton/Projects/sun-day/.DerivedData/Build/Intermediates.noindex/sun-day.build/Debug-iphonesimulator/sun-day.build/SunscreenTrack-own-target-headers.hmap -Xcc -I/Users/peyton/Projects/sun-day/.DerivedData/Build/Intermediates.noindex/sun-day.build/Debug-iphonesimulator/sun-day.build/SunscreenTrack-all-target-headers.hmap -Xcc -iquote -Xcc /Users/peyton/Projects/sun-day/.DerivedData/Build/Intermediates.noindex/sun-day.build/Debug-iphonesimulator/sun-day.build/SunscreenTrack-project-headers.hmap -Xcc -I/Users/peyton/Projects/sun-day/.DerivedData/Build/Products/Debug-iphonesimulator/include -Xcc -I/Users/peyton/Projects/sun-day/.DerivedData/Build/Intermediates.noindex/sun-day.build/Debug-iphonesimulator/sun-day.build/DerivedSources-normal/arm64 -Xcc -I/Users/peyton/Projects/sun-day/.DerivedData/Build/Intermediates.noindex/sun-day.build/Debug-iphonesimulator/sun-day.build/DerivedSources/arm64 -Xcc -I/Users/peyton/Projects/sun-day/.DerivedData/Build/Intermediates.noindex/sun-day.build/Debug-iphonesimulator/sun-day.build/DerivedSources -Xcc -DDEBUG\=1 -emit-objc-header -emit-objc-header-path /Users/peyton/Projects/sun-day/.DerivedData/Build/Intermediates.noindex/sun-day.build/Debug-iphonesimulator/sun-day.build/Objects-normal/arm64/SunscreenTrack-Swift.h -working-directory /Users/peyton/Projects/sun-day -experimental-emit-module-separately -disable-cmo

SwiftCompile normal arm64 Compiling\ AppTheme.swift /Users/peyton/Projects/sun-day/sun-day/Shared/AppTheme.swift (in target 'sun-day' from project 'sun-day')

SwiftCompile normal arm64 /Users/peyton/Projects/sun-day/sun-day/Shared/AppTheme.swift (in target 'sun-day' from project 'sun-day')
    cd /Users/peyton/Projects/sun-day
    

SwiftCompile normal arm64 Compiling\ RootView.swift /Users/peyton/Projects/sun-day/sun-day/Shared/RootView.swift (in target 'sun-day' from project 'sun-day')

SwiftCompile normal arm64 /Users/peyton/Projects/sun-day/sun-day/Shared/RootView.swift (in target 'sun-day' from project 'sun-day')
    cd /Users/peyton/Projects/sun-day
    

SwiftCompile normal arm64 Compiling\ BarcodeScanView.swift /Users/peyton/Projects/sun-day/sun-day/Views/BarcodeScanView.swift (in target 'sun-day' from project 'sun-day')

SwiftCompile normal arm64 /Users/peyton/Projects/sun-day/sun-day/Views/BarcodeScanView.swift (in target 'sun-day' from project 'sun-day')
    cd /Users/peyton/Projects/sun-day
    

SwiftCompile normal arm64 Compiling\ TrainingView.swift /Users/peyton/Projects/sun-day/sun-day/Views/TrainingView.swift (in target 'sun-day' from project 'sun-day')

SwiftCompile normal arm64 /Users/peyton/Projects/sun-day/sun-day/Views/TrainingView.swift (in target 'sun-day' from project 'sun-day')
    cd /Users/peyton/Projects/sun-day
    

SwiftCompile normal arm64 Compiling\ LiveVerifyView.swift /Users/peyton/Projects/sun-day/sun-day/Views/LiveVerifyView.swift (in target 'sun-day' from project 'sun-day')

SwiftCompile normal arm64 /Users/peyton/Projects/sun-day/sun-day/Views/LiveVerifyView.swift (in target 'sun-day' from project 'sun-day')
    cd /Users/peyton/Projects/sun-day
    

SwiftCompile normal arm64 Compiling\ OnboardingView.swift /Users/peyton/Projects/sun-day/sun-day/Views/OnboardingView.swift (in target 'sun-day' from project 'sun-day')

SwiftCompile normal arm64 /Users/peyton/Projects/sun-day/sun-day/Views/OnboardingView.swift (in target 'sun-day' from project 'sun-day')
    cd /Users/peyton/Projects/sun-day
    

SwiftEmitModule normal arm64 Emitting\ module\ for\ SunscreenTrack (in target 'sun-day' from project 'sun-day')
EmitSwiftModule normal arm64 (in target 'sun-day' from project 'sun-day')
    cd /Users/peyton/Projects/sun-day
    

SwiftCompile normal arm64 Compiling\ WeeklyReportView.swift /Users/peyton/Projects/sun-day/sun-day/Views/WeeklyReportView.swift (in target 'sun-day' from project 'sun-day')

SwiftCompile normal arm64 /Users/peyton/Projects/sun-day/sun-day/Views/WeeklyReportView.swift (in target 'sun-day' from project 'sun-day')
    cd /Users/peyton/Projects/sun-day
    

SwiftCompile normal arm64 Compiling\ CalendarGridView.swift /Users/peyton/Projects/sun-day/sun-day/Views/CalendarGridView.swift (in target 'sun-day' from project 'sun-day')
SwiftCompile normal arm64 /Users/peyton/Projects/sun-day/sun-day/Views/CalendarGridView.swift (in target 'sun-day' from project 'sun-day')
    cd /Users/peyton/Projects/sun-day
    

SwiftCompile normal arm64 Compiling\ HomeView.swift /Users/peyton/Projects/sun-day/sun-day/Views/HomeView.swift (in target 'sun-day' from project 'sun-day')

SwiftCompile normal arm64 /Users/peyton/Projects/sun-day/sun-day/Views/HomeView.swift (in target 'sun-day' from project 'sun-day')
    cd /Users/peyton/Projects/sun-day
    

SwiftCompile normal arm64 Compiling\ SelfieCaptureView.swift /Users/peyton/Projects/sun-day/sun-day/Views/SelfieCaptureView.swift (in target 'sun-day' from project 'sun-day')

SwiftCompile normal arm64 /Users/peyton/Projects/sun-day/sun-day/Views/SelfieCaptureView.swift (in target 'sun-day' from project 'sun-day')
    cd /Users/peyton/Projects/sun-day
    

SwiftDriverJobDiscovery normal arm64 Compiling RootView.swift (in target 'sun-day' from project 'sun-day')

SwiftDriverJobDiscovery normal arm64 Compiling BarcodeScanView.swift (in target 'sun-day' from project 'sun-day')

SwiftDriverJobDiscovery normal arm64 Compiling OnboardingView.swift (in target 'sun-day' from project 'sun-day')

SwiftDriverJobDiscovery normal arm64 Compiling SelfieCaptureView.swift (in target 'sun-day' from project 'sun-day')

SwiftDriverJobDiscovery normal arm64 Compiling LiveVerifyView.swift (in target 'sun-day' from project 'sun-day')

SwiftDriverJobDiscovery normal arm64 Compiling WeeklyReportView.swift (in target 'sun-day' from project 'sun-day')

SwiftCompile normal arm64 Compiling\ TrainingAsset.swift,\ VerificationMethod.swift /Users/peyton/Projects/sun-day/sun-day/Models/TrainingAsset.swift /Users/peyton/Projects/sun-day/sun-day/Models/VerificationMethod.swift (in target 'sun-day' from project 'sun-day')

SwiftCompile normal arm64 /Users/peyton/Projects/sun-day/sun-day/Models/TrainingAsset.swift (in target 'sun-day' from project 'sun-day')
    cd /Users/peyton/Projects/sun-day
    

SwiftCompile normal arm64 /Users/peyton/Projects/sun-day/sun-day/Models/VerificationMethod.swift (in target 'sun-day' from project 'sun-day')
    cd /Users/peyton/Projects/sun-day
    

SwiftCompile normal arm64 Compiling\ CalendarAnalytics.swift,\ CameraPreview.swift /Users/peyton/Projects/sun-day/sun-day/Services/CalendarAnalytics.swift /Users/peyton/Projects/sun-day/sun-day/Services/CameraPreview.swift (in target 'sun-day' from project 'sun-day')

SwiftCompile normal arm64 /Users/peyton/Projects/sun-day/sun-day/Services/CalendarAnalytics.swift (in target 'sun-day' from project 'sun-day')
    cd /Users/peyton/Projects/sun-day
    

SwiftCompile normal arm64 /Users/peyton/Projects/sun-day/sun-day/Services/CameraPreview.swift (in target 'sun-day' from project 'sun-day')
    cd /Users/peyton/Projects/sun-day
    

SwiftCompile normal arm64 Compiling\ AppState.swift,\ BarcodeScannerCoordinator.swift /Users/peyton/Projects/sun-day/sun-day/Services/AppState.swift /Users/peyton/Projects/sun-day/sun-day/Services/BarcodeScannerCoordinator.swift (in target 'sun-day' from project 'sun-day')
SwiftCompile normal arm64 /Users/peyton/Projects/sun-day/sun-day/Services/AppState.swift (in target 'sun-day' from project 'sun-day')
    cd /Users/peyton/Projects/sun-day
    

SwiftCompile normal arm64 /Users/peyton/Projects/sun-day/sun-day/Services/BarcodeScannerCoordinator.swift (in target 'sun-day' from project 'sun-day')
    cd /Users/peyton/Projects/sun-day
    

SwiftCompile normal arm64 Compiling\ SelfieCaptureCoordinator.swift /Users/peyton/Projects/sun-day/sun-day/Services/SelfieCaptureCoordinator.swift (in target 'sun-day' from project 'sun-day')

SwiftCompile normal arm64 /Users/peyton/Projects/sun-day/sun-day/Services/SelfieCaptureCoordinator.swift (in target 'sun-day' from project 'sun-day')
    cd /Users/peyton/Projects/sun-day
    
/Users/peyton/Projects/sun-day/sun-day/Services/SelfieCaptureCoordinator.swift:78:16: warning: value 'error' was defined but never used; consider replacing with boolean test
        if let error {
           ~~~~^
                     != nil

SwiftCompile normal arm64 Compiling\ DailyRecord.swift,\ Settings.swift /Users/peyton/Projects/sun-day/sun-day/Models/DailyRecord.swift /Users/peyton/Projects/sun-day/sun-day/Models/Settings.swift (in target 'sun-day' from project 'sun-day')

SwiftCompile normal arm64 /Users/peyton/Projects/sun-day/sun-day/Models/DailyRecord.swift (in target 'sun-day' from project 'sun-day')
    cd /Users/peyton/Projects/sun-day
    

SwiftCompile normal arm64 /Users/peyton/Projects/sun-day/sun-day/Models/Settings.swift (in target 'sun-day' from project 'sun-day')
    cd /Users/peyton/Projects/sun-day
    

SwiftCompile normal arm64 Compiling\ VisionFeaturePrintService.swift /Users/peyton/Projects/sun-day/sun-day/Services/VisionFeaturePrintService.swift (in target 'sun-day' from project 'sun-day')

SwiftCompile normal arm64 /Users/peyton/Projects/sun-day/sun-day/Services/VisionFeaturePrintService.swift (in target 'sun-day' from project 'sun-day')
    cd /Users/peyton/Projects/sun-day
    
/Users/peyton/Projects/sun-day/sun-day/Services/VisionFeaturePrintService.swift:33:66: warning: conditional cast from 'VNFeaturePrintObservation' to 'VNFeaturePrintObservation' always succeeds
        guard let observation = request.results?.compactMap({ $0 as? VNFeaturePrintObservation }).first else {
                                                                 ^
/Users/peyton/Projects/sun-day/sun-day/Services/VisionFeaturePrintService.swift:44:66: warning: conditional cast from 'VNFeaturePrintObservation' to 'VNFeaturePrintObservation' always succeeds
        guard let observation = request.results?.compactMap({ $0 as? VNFeaturePrintObservation }).first else {
                                                                 ^
/Users/peyton/Projects/sun-day/sun-day/Services/VisionFeaturePrintService.swift:97:30: warning: conditional cast from 'VNBarcodeObservation' to 'VNBarcodeObservation' always succeeds
            .compactMap { $0 as? VNBarcodeObservation }
                             ^

SwiftCompile normal arm64 Compiling\ SunscreenTrackApp.swift /Users/peyton/Projects/sun-day/sun-day/SunscreenTrackApp.swift (in target 'sun-day' from project 'sun-day')
SwiftCompile normal arm64 /Users/peyton/Projects/sun-day/sun-day/SunscreenTrackApp.swift (in target 'sun-day' from project 'sun-day')
    cd /Users/peyton/Projects/sun-day
    
/Users/peyton/Projects/sun-day/sun-day/SunscreenTrackApp.swift:43:58: warning: result of call to 'configure()' is unused
                        await NotificationManager.shared.configure()
                                                         ^        ~~

SwiftCompile normal arm64 Compiling\ VideoVerificationCoordinator.swift /Users/peyton/Projects/sun-day/sun-day/Services/VideoVerificationCoordinator.swift (in target 'sun-day' from project 'sun-day')

SwiftCompile normal arm64 /Users/peyton/Projects/sun-day/sun-day/Services/VideoVerificationCoordinator.swift (in target 'sun-day' from project 'sun-day')
    cd /Users/peyton/Projects/sun-day
    
/Users/peyton/Projects/sun-day/sun-day/Services/VideoVerificationCoordinator.swift:70:22: warning: 'videoOrientation' was deprecated in iOS 17.0: Use -videoRotationAngle instead
                conn.videoOrientation = .portrait
                     ^

SwiftDriverJobDiscovery normal arm64 Compiling TrainingView.swift (in target 'sun-day' from project 'sun-day')

SwiftCompile normal arm64 Compiling\ TrainingCoordinator.swift /Users/peyton/Projects/sun-day/sun-day/Services/TrainingCoordinator.swift (in target 'sun-day' from project 'sun-day')

SwiftCompile normal arm64 /Users/peyton/Projects/sun-day/sun-day/Services/TrainingCoordinator.swift (in target 'sun-day' from project 'sun-day')
    cd /Users/peyton/Projects/sun-day
    

SwiftDriverJobDiscovery normal arm64 Compiling HomeView.swift (in target 'sun-day' from project 'sun-day')

SwiftCompile normal arm64 Compiling\ NotificationManager.swift,\ PhraseBank.swift /Users/peyton/Projects/sun-day/sun-day/Services/NotificationManager.swift /Users/peyton/Projects/sun-day/sun-day/Services/PhraseBank.swift (in target 'sun-day' from project 'sun-day')

SwiftCompile normal arm64 /Users/peyton/Projects/sun-day/sun-day/Services/NotificationManager.swift (in target 'sun-day' from project 'sun-day')
    cd /Users/peyton/Projects/sun-day
    

SwiftCompile normal arm64 /Users/peyton/Projects/sun-day/sun-day/Services/PhraseBank.swift (in target 'sun-day' from project 'sun-day')
    cd /Users/peyton/Projects/sun-day
    

SwiftDriverJobDiscovery normal arm64 Compiling AppTheme.swift (in target 'sun-day' from project 'sun-day')

SwiftCompile normal arm64 Compiling\ GeneratedAssetSymbols.swift /Users/peyton/Projects/sun-day/.DerivedData/Build/Intermediates.noindex/sun-day.build/Debug-iphonesimulator/sun-day.build/DerivedSources/GeneratedAssetSymbols.swift (in target 'sun-day' from project 'sun-day')

SwiftCompile normal arm64 /Users/peyton/Projects/sun-day/.DerivedData/Build/Intermediates.noindex/sun-day.build/Debug-iphonesimulator/sun-day.build/DerivedSources/GeneratedAssetSymbols.swift (in target 'sun-day' from project 'sun-day')
    cd /Users/peyton/Projects/sun-day
    

SwiftDriverJobDiscovery normal arm64 Compiling TrainingAsset.swift, VerificationMethod.swift (in target 'sun-day' from project 'sun-day')

SwiftCompile normal arm64 Compiling\ PhraseRotation.swift /Users/peyton/Projects/sun-day/sun-day/Services/PhraseRotation.swift (in target 'sun-day' from project 'sun-day')

SwiftCompile normal arm64 /Users/peyton/Projects/sun-day/sun-day/Services/PhraseRotation.swift (in target 'sun-day' from project 'sun-day')
    cd /Users/peyton/Projects/sun-day
    

SwiftDriverJobDiscovery normal arm64 Compiling VideoVerificationCoordinator.swift (in target 'sun-day' from project 'sun-day')

SwiftCompile normal arm64 Compiling\ AppRoute.swift /Users/peyton/Projects/sun-day/sun-day/Shared/AppRoute.swift (in target 'sun-day' from project 'sun-day')

SwiftCompile normal arm64 /Users/peyton/Projects/sun-day/sun-day/Shared/AppRoute.swift (in target 'sun-day' from project 'sun-day')
    cd /Users/peyton/Projects/sun-day
    

SwiftDriverJobDiscovery normal arm64 Compiling VisionFeaturePrintService.swift (in target 'sun-day' from project 'sun-day')

SwiftDriverJobDiscovery normal arm64 Compiling CalendarAnalytics.swift, CameraPreview.swift (in target 'sun-day' from project 'sun-day')

SwiftDriverJobDiscovery normal arm64 Compiling SelfieCaptureCoordinator.swift (in target 'sun-day' from project 'sun-day')

SwiftDriverJobDiscovery normal arm64 Emitting module for SunscreenTrack (in target 'sun-day' from project 'sun-day')

SwiftDriver\ Compilation\ Requirements sun-day normal arm64 com.apple.xcode.tools.swift.compiler (in target 'sun-day' from project 'sun-day')
    cd /Users/peyton/Projects/sun-day
    builtin-Swift-Compilation-Requirements -- /Applications/Xcode-26.3.0-Release.Candidate.2.app/Contents/Developer/Toolchains/XcodeDefault.xctoolchain/usr/bin/swiftc -module-name SunscreenTrack -Onone -enforce-exclusivity\=checked @/Users/peyton/Projects/sun-day/.DerivedData/Build/Intermediates.noindex/sun-day.build/Debug-iphonesimulator/sun-day.build/Objects-normal/arm64/SunscreenTrack.SwiftFileList -DDEBUG -default-isolation\=MainActor -enable-upcoming-feature MemberImportVisibility -enable-upcoming-feature InferIsolatedConformances -enable-upcoming-feature NonisolatedNonsendingByDefault -enable-experimental-feature DebugDescriptionMacro -sdk /Applications/Xcode-26.3.0-Release.Candidate.2.app/Contents/Developer/Platforms/iPhoneSimulator.platform/Developer/SDKs/iPhoneSimulator26.2.sdk -target arm64-apple-ios18.0-simulator -g -module-cache-path /Users/peyton/Projects/sun-day/.DerivedData/ModuleCache.noindex -Xfrontend -serialize-debugging-options -profile-coverage-mapping -profile-generate -enable-testing -index-store-path /Users/peyton/Projects/sun-day/.DerivedData/Index.noindex/DataStore -Xcc -D_LIBCPP_HARDENING_MODE\=_LIBCPP_HARDENING_MODE_DEBUG -swift-version 6 -I /Users/peyton/Projects/sun-day/.DerivedData/Build/Products/Debug-iphonesimulator -F /Users/peyton/Projects/sun-day/.DerivedData/Build/Products/Debug-iphonesimulator -emit-localized-strings -emit-localized-strings-path /Users/peyton/Projects/sun-day/.DerivedData/Build/Intermediates.noindex/sun-day.build/Debug-iphonesimulator/sun-day.build/Objects-normal/arm64 -c -j12 -enable-batch-mode -incremental -Xcc -ivfsstatcache -Xcc /Users/peyton/Projects/sun-day/.DerivedData/SDKStatCaches.noindex/iphonesimulator26.2-23C57-8d935a9d00548f484ce9b88c17a2ead6.sdkstatcache -output-file-map /Users/peyton/Projects/sun-day/.DerivedData/Build/Intermediates.noindex/sun-day.build/Debug-iphonesimulator/sun-day.build/Objects-normal/arm64/sun-day-OutputFileMap.json -use-frontend-parseable-output -save-temps -no-color-diagnostics -explicit-module-build -module-cache-path /Users/peyton/Projects/sun-day/.DerivedData/Build/Intermediates.noindex/SwiftExplicitPrecompiledModules -clang-scanner-module-cache-path /Users/peyton/Projects/sun-day/.DerivedData/ModuleCache.noindex -sdk-module-cache-path /Users/peyton/Projects/sun-day/.DerivedData/ModuleCache.noindex -serialize-diagnostics -emit-dependencies -emit-module -emit-module-path /Users/peyton/Projects/sun-day/.DerivedData/Build/Intermediates.noindex/sun-day.build/Debug-iphonesimulator/sun-day.build/Objects-normal/arm64/SunscreenTrack.swiftmodule -validate-clang-modules-once -clang-build-session-file /Users/peyton/Projects/sun-day/.DerivedData/ModuleCache.noindex/Session.modulevalidation -Xcc -I/Users/peyton/Projects/sun-day/.DerivedData/Build/Intermediates.noindex/sun-day.build/Debug-iphonesimulator/sun-day.build/swift-overrides.hmap -emit-const-values -Xfrontend -const-gather-protocols-file -Xfrontend /Users/peyton/Projects/sun-day/.DerivedData/Build/Intermediates.noindex/sun-day.build/Debug-iphonesimulator/sun-day.build/Objects-normal/arm64/sun-day_const_extract_protocols.json -Xcc -iquote -Xcc /Users/peyton/Projects/sun-day/.DerivedData/Build/Intermediates.noindex/sun-day.build/Debug-iphonesimulator/sun-day.build/SunscreenTrack-generated-files.hmap -Xcc -I/Users/peyton/Projects/sun-day/.DerivedData/Build/Intermediates.noindex/sun-day.build/Debug-iphonesimulator/sun-day.build/SunscreenTrack-own-target-headers.hmap -Xcc -I/Users/peyton/Projects/sun-day/.DerivedData/Build/Intermediates.noindex/sun-day.build/Debug-iphonesimulator/sun-day.build/SunscreenTrack-all-target-headers.hmap -Xcc -iquote -Xcc /Users/peyton/Projects/sun-day/.DerivedData/Build/Intermediates.noindex/sun-day.build/Debug-iphonesimulator/sun-day.build/SunscreenTrack-project-headers.hmap -Xcc -I/Users/peyton/Projects/sun-day/.DerivedData/Build/Products/Debug-iphonesimulator/include -Xcc -I/Users/peyton/Projects/sun-day/.DerivedData/Build/Intermediates.noindex/sun-day.build/Debug-iphonesimulator/sun-day.build/DerivedSources-normal/arm64 -Xcc -I/Users/peyton/Projects/sun-day/.DerivedData/Build/Intermediates.noindex/sun-day.build/Debug-iphonesimulator/sun-day.build/DerivedSources/arm64 -Xcc -I/Users/peyton/Projects/sun-day/.DerivedData/Build/Intermediates.noindex/sun-day.build/Debug-iphonesimulator/sun-day.build/DerivedSources -Xcc -DDEBUG\=1 -emit-objc-header -emit-objc-header-path /Users/peyton/Projects/sun-day/.DerivedData/Build/Intermediates.noindex/sun-day.build/Debug-iphonesimulator/sun-day.build/Objects-normal/arm64/SunscreenTrack-Swift.h -working-directory /Users/peyton/Projects/sun-day -experimental-emit-module-separately -disable-cmo

Copy /Users/peyton/Projects/sun-day/.DerivedData/Build/Products/Debug-iphonesimulator/SunscreenTrack.swiftmodule/Project/arm64-apple-ios-simulator.swiftsourceinfo /Users/peyton/Projects/sun-day/.DerivedData/Build/Intermediates.noindex/sun-day.build/Debug-iphonesimulator/sun-day.build/Objects-normal/arm64/SunscreenTrack.swiftsourceinfo (in target 'sun-day' from project 'sun-day')
    cd /Users/peyton/Projects/sun-day
    builtin-copy -exclude .DS_Store -exclude CVS -exclude .svn -exclude .git -exclude .hg -resolve-src-symlinks -rename /Users/peyton/Projects/sun-day/.DerivedData/Build/Intermediates.noindex/sun-day.build/Debug-iphonesimulator/sun-day.build/Objects-normal/arm64/SunscreenTrack.swiftsourceinfo /Users/peyton/Projects/sun-day/.DerivedData/Build/Products/Debug-iphonesimulator/SunscreenTrack.swiftmodule/Project/arm64-apple-ios-simulator.swiftsourceinfo

SwiftDriverJobDiscovery normal arm64 Compiling TrainingCoordinator.swift (in target 'sun-day' from project 'sun-day')

Copy /Users/peyton/Projects/sun-day/.DerivedData/Build/Products/Debug-iphonesimulator/SunscreenTrack.swiftmodule/arm64-apple-ios-simulator.swiftmodule /Users/peyton/Projects/sun-day/.DerivedData/Build/Intermediates.noindex/sun-day.build/Debug-iphonesimulator/sun-day.build/Objects-normal/arm64/SunscreenTrack.swiftmodule (in target 'sun-day' from project 'sun-day')
    cd /Users/peyton/Projects/sun-day
    builtin-copy -exclude .DS_Store -exclude CVS -exclude .svn -exclude .git -exclude .hg -resolve-src-symlinks -rename /Users/peyton/Projects/sun-day/.DerivedData/Build/Intermediates.noindex/sun-day.build/Debug-iphonesimulator/sun-day.build/Objects-normal/arm64/SunscreenTrack.swiftmodule /Users/peyton/Projects/sun-day/.DerivedData/Build/Products/Debug-iphonesimulator/SunscreenTrack.swiftmodule/arm64-apple-ios-simulator.swiftmodule

Copy /Users/peyton/Projects/sun-day/.DerivedData/Build/Products/Debug-iphonesimulator/SunscreenTrack.swiftmodule/arm64-apple-ios-simulator.abi.json /Users/peyton/Projects/sun-day/.DerivedData/Build/Intermediates.noindex/sun-day.build/Debug-iphonesimulator/sun-day.build/Objects-normal/arm64/SunscreenTrack.abi.json (in target 'sun-day' from project 'sun-day')
    cd /Users/peyton/Projects/sun-day
    builtin-copy -exclude .DS_Store -exclude CVS -exclude .svn -exclude .git -exclude .hg -resolve-src-symlinks -rename /Users/peyton/Projects/sun-day/.DerivedData/Build/Intermediates.noindex/sun-day.build/Debug-iphonesimulator/sun-day.build/Objects-normal/arm64/SunscreenTrack.abi.json /Users/peyton/Projects/sun-day/.DerivedData/Build/Products/Debug-iphonesimulator/SunscreenTrack.swiftmodule/arm64-apple-ios-simulator.abi.json

SwiftDriverJobDiscovery normal arm64 Compiling DailyRecord.swift, Settings.swift (in target 'sun-day' from project 'sun-day')

SwiftDriverJobDiscovery normal arm64 Compiling GeneratedAssetSymbols.swift (in target 'sun-day' from project 'sun-day')

SwiftDriverJobDiscovery normal arm64 Compiling PhraseRotation.swift (in target 'sun-day' from project 'sun-day')

SwiftDriverJobDiscovery normal arm64 Compiling CalendarGridView.swift (in target 'sun-day' from project 'sun-day')

SwiftDriverJobDiscovery normal arm64 Compiling AppState.swift, BarcodeScannerCoordinator.swift (in target 'sun-day' from project 'sun-day')

SwiftDriverJobDiscovery normal arm64 Compiling AppRoute.swift (in target 'sun-day' from project 'sun-day')

SwiftDriverJobDiscovery normal arm64 Compiling NotificationManager.swift, PhraseBank.swift (in target 'sun-day' from project 'sun-day')

SwiftDriverJobDiscovery normal arm64 Compiling SunscreenTrackApp.swift (in target 'sun-day' from project 'sun-day')

SwiftDriver\ Compilation sun-day normal arm64 com.apple.xcode.tools.swift.compiler (in target 'sun-day' from project 'sun-day')
    cd /Users/peyton/Projects/sun-day
    builtin-Swift-Compilation -- /Applications/Xcode-26.3.0-Release.Candidate.2.app/Contents/Developer/Toolchains/XcodeDefault.xctoolchain/usr/bin/swiftc -module-name SunscreenTrack -Onone -enforce-exclusivity\=checked @/Users/peyton/Projects/sun-day/.DerivedData/Build/Intermediates.noindex/sun-day.build/Debug-iphonesimulator/sun-day.build/Objects-normal/arm64/SunscreenTrack.SwiftFileList -DDEBUG -default-isolation\=MainActor -enable-upcoming-feature MemberImportVisibility -enable-upcoming-feature InferIsolatedConformances -enable-upcoming-feature NonisolatedNonsendingByDefault -enable-experimental-feature DebugDescriptionMacro -sdk /Applications/Xcode-26.3.0-Release.Candidate.2.app/Contents/Developer/Platforms/iPhoneSimulator.platform/Developer/SDKs/iPhoneSimulator26.2.sdk -target arm64-apple-ios18.0-simulator -g -module-cache-path /Users/peyton/Projects/sun-day/.DerivedData/ModuleCache.noindex -Xfrontend -serialize-debugging-options -profile-coverage-mapping -profile-generate -enable-testing -index-store-path /Users/peyton/Projects/sun-day/.DerivedData/Index.noindex/DataStore -Xcc -D_LIBCPP_HARDENING_MODE\=_LIBCPP_HARDENING_MODE_DEBUG -swift-version 6 -I /Users/peyton/Projects/sun-day/.DerivedData/Build/Products/Debug-iphonesimulator -F /Users/peyton/Projects/sun-day/.DerivedData/Build/Products/Debug-iphonesimulator -emit-localized-strings -emit-localized-strings-path /Users/peyton/Projects/sun-day/.DerivedData/Build/Intermediates.noindex/sun-day.build/Debug-iphonesimulator/sun-day.build/Objects-normal/arm64 -c -j12 -enable-batch-mode -incremental -Xcc -ivfsstatcache -Xcc /Users/peyton/Projects/sun-day/.DerivedData/SDKStatCaches.noindex/iphonesimulator26.2-23C57-8d935a9d00548f484ce9b88c17a2ead6.sdkstatcache -output-file-map /Users/peyton/Projects/sun-day/.DerivedData/Build/Intermediates.noindex/sun-day.build/Debug-iphonesimulator/sun-day.build/Objects-normal/arm64/sun-day-OutputFileMap.json -use-frontend-parseable-output -save-temps -no-color-diagnostics -explicit-module-build -module-cache-path /Users/peyton/Projects/sun-day/.DerivedData/Build/Intermediates.noindex/SwiftExplicitPrecompiledModules -clang-scanner-module-cache-path /Users/peyton/Projects/sun-day/.DerivedData/ModuleCache.noindex -sdk-module-cache-path /Users/peyton/Projects/sun-day/.DerivedData/ModuleCache.noindex -serialize-diagnostics -emit-dependencies -emit-module -emit-module-path /Users/peyton/Projects/sun-day/.DerivedData/Build/Intermediates.noindex/sun-day.build/Debug-iphonesimulator/sun-day.build/Objects-normal/arm64/SunscreenTrack.swiftmodule -validate-clang-modules-once -clang-build-session-file /Users/peyton/Projects/sun-day/.DerivedData/ModuleCache.noindex/Session.modulevalidation -Xcc -I/Users/peyton/Projects/sun-day/.DerivedData/Build/Intermediates.noindex/sun-day.build/Debug-iphonesimulator/sun-day.build/swift-overrides.hmap -emit-const-values -Xfrontend -const-gather-protocols-file -Xfrontend /Users/peyton/Projects/sun-day/.DerivedData/Build/Intermediates.noindex/sun-day.build/Debug-iphonesimulator/sun-day.build/Objects-normal/arm64/sun-day_const_extract_protocols.json -Xcc -iquote -Xcc /Users/peyton/Projects/sun-day/.DerivedData/Build/Intermediates.noindex/sun-day.build/Debug-iphonesimulator/sun-day.build/SunscreenTrack-generated-files.hmap -Xcc -I/Users/peyton/Projects/sun-day/.DerivedData/Build/Intermediates.noindex/sun-day.build/Debug-iphonesimulator/sun-day.build/SunscreenTrack-own-target-headers.hmap -Xcc -I/Users/peyton/Projects/sun-day/.DerivedData/Build/Intermediates.noindex/sun-day.build/Debug-iphonesimulator/sun-day.build/SunscreenTrack-all-target-headers.hmap -Xcc -iquote -Xcc /Users/peyton/Projects/sun-day/.DerivedData/Build/Intermediates.noindex/sun-day.build/Debug-iphonesimulator/sun-day.build/SunscreenTrack-project-headers.hmap -Xcc -I/Users/peyton/Projects/sun-day/.DerivedData/Build/Products/Debug-iphonesimulator/include -Xcc -I/Users/peyton/Projects/sun-day/.DerivedData/Build/Intermediates.noindex/sun-day.build/Debug-iphonesimulator/sun-day.build/DerivedSources-normal/arm64 -Xcc -I/Users/peyton/Projects/sun-day/.DerivedData/Build/Intermediates.noindex/sun-day.build/Debug-iphonesimulator/sun-day.build/DerivedSources/arm64 -Xcc -I/Users/peyton/Projects/sun-day/.DerivedData/Build/Intermediates.noindex/sun-day.build/Debug-iphonesimulator/sun-day.build/DerivedSources -Xcc -DDEBUG\=1 -emit-objc-header -emit-objc-header-path /Users/peyton/Projects/sun-day/.DerivedData/Build/Intermediates.noindex/sun-day.build/Debug-iphonesimulator/sun-day.build/Objects-normal/arm64/SunscreenTrack-Swift.h -working-directory /Users/peyton/Projects/sun-day -experimental-emit-module-separately -disable-cmo

Ld /Users/peyton/Projects/sun-day/.DerivedData/Build/Products/Debug-iphonesimulator/SunscreenTrack.app/SunscreenTrack.debug.dylib normal (in target 'sun-day' from project 'sun-day')
    cd /Users/peyton/Projects/sun-day
    /Applications/Xcode-26.3.0-Release.Candidate.2.app/Contents/Developer/Toolchains/XcodeDefault.xctoolchain/usr/bin/clang -Xlinker -reproducible -target arm64-apple-ios18.0-simulator -dynamiclib -isysroot /Applications/Xcode-26.3.0-Release.Candidate.2.app/Contents/Developer/Platforms/iPhoneSimulator.platform/Developer/SDKs/iPhoneSimulator26.2.sdk -O0 -L/Users/peyton/Projects/sun-day/.DerivedData/Build/Intermediates.noindex/EagerLinkingTBDs/Debug-iphonesimulator -L/Users/peyton/Projects/sun-day/.DerivedData/Build/Products/Debug-iphonesimulator -F/Users/peyton/Projects/sun-day/.DerivedData/Build/Intermediates.noindex/EagerLinkingTBDs/Debug-iphonesimulator -F/Users/peyton/Projects/sun-day/.DerivedData/Build/Products/Debug-iphonesimulator -filelist /Users/peyton/Projects/sun-day/.DerivedData/Build/Intermediates.noindex/sun-day.build/Debug-iphonesimulator/sun-day.build/Objects-normal/arm64/SunscreenTrack.LinkFileList -install_name @rpath/SunscreenTrack.debug.dylib -Xlinker -rpath -Xlinker /usr/lib/swift -Xlinker -rpath -Xlinker @executable_path/Frameworks -dead_strip -Xlinker -object_path_lto -Xlinker /Users/peyton/Projects/sun-day/.DerivedData/Build/Intermediates.noindex/sun-day.build/Debug-iphonesimulator/sun-day.build/Objects-normal/arm64/SunscreenTrack_lto.o -rdynamic -Xlinker -no_deduplicate -Xlinker -objc_abi_version -Xlinker 2 -Xlinker -debug_variant -Xlinker -dependency_info -Xlinker /Users/peyton/Projects/sun-day/.DerivedData/Build/Intermediates.noindex/sun-day.build/Debug-iphonesimulator/sun-day.build/Objects-normal/arm64/SunscreenTrack_dependency_info.dat -fobjc-link-runtime -fprofile-instr-generate -L/Applications/Xcode-26.3.0-Release.Candidate.2.app/Contents/Developer/Toolchains/XcodeDefault.xctoolchain/usr/lib/swift/iphonesimulator -L/usr/lib/swift -Xlinker -add_ast_path -Xlinker /Users/peyton/Projects/sun-day/.DerivedData/Build/Intermediates.noindex/sun-day.build/Debug-iphonesimulator/sun-day.build/Objects-normal/arm64/SunscreenTrack.swiftmodule @/Users/peyton/Projects/sun-day/.DerivedData/Build/Intermediates.noindex/sun-day.build/Debug-iphonesimulator/sun-day.build/Objects-normal/arm64/SunscreenTrack-linker-args.resp -Xlinker -alias -Xlinker _main -Xlinker ___debug_main_executable_dylib_entry_point -Xlinker -no_adhoc_codesign -o /Users/peyton/Projects/sun-day/.DerivedData/Build/Products/Debug-iphonesimulator/SunscreenTrack.app/SunscreenTrack.debug.dylib

ConstructStubExecutorLinkFileList /Users/peyton/Projects/sun-day/.DerivedData/Build/Intermediates.noindex/sun-day.build/Debug-iphonesimulator/sun-day.build/SunscreenTrack-ExecutorLinkFileList-normal-arm64.txt (in target 'sun-day' from project 'sun-day')
    cd /Users/peyton/Projects/sun-day
    construct-stub-executor-link-file-list /Users/peyton/Projects/sun-day/.DerivedData/Build/Products/Debug-iphonesimulator/SunscreenTrack.app/SunscreenTrack.debug.dylib /Applications/Xcode-26.3.0-Release.Candidate.2.app/Contents/Developer/Platforms/iPhoneSimulator.platform/Developer/usr/lib/libPreviewsJITStubExecutor_no_swift_entry_point.a /Applications/Xcode-26.3.0-Release.Candidate.2.app/Contents/Developer/Platforms/iPhoneSimulator.platform/Developer/usr/lib/libPreviewsJITStubExecutor.a --output /Users/peyton/Projects/sun-day/.DerivedData/Build/Intermediates.noindex/sun-day.build/Debug-iphonesimulator/sun-day.build/SunscreenTrack-ExecutorLinkFileList-normal-arm64.txt
note: Using stub executor library with Swift entry point. (in target 'sun-day' from project 'sun-day')

Ld /Users/peyton/Projects/sun-day/.DerivedData/Build/Products/Debug-iphonesimulator/SunscreenTrack.app/SunscreenTrack normal (in target 'sun-day' from project 'sun-day')
    cd /Users/peyton/Projects/sun-day
    /Applications/Xcode-26.3.0-Release.Candidate.2.app/Contents/Developer/Toolchains/XcodeDefault.xctoolchain/usr/bin/clang -Xlinker -reproducible -target arm64-apple-ios18.0-simulator -isysroot /Applications/Xcode-26.3.0-Release.Candidate.2.app/Contents/Developer/Platforms/iPhoneSimulator.platform/Developer/SDKs/iPhoneSimulator26.2.sdk -O0 -L/Users/peyton/Projects/sun-day/.DerivedData/Build/Products/Debug-iphonesimulator -F/Users/peyton/Projects/sun-day/.DerivedData/Build/Products/Debug-iphonesimulator -Xlinker -rpath -Xlinker @executable_path -Xlinker -rpath -Xlinker @executable_path/Frameworks -rdynamic -Xlinker -no_deduplicate -Xlinker -objc_abi_version -Xlinker 2 -Xlinker -debug_variant -e ___debug_blank_executor_main -Xlinker -sectcreate -Xlinker __TEXT -Xlinker __debug_dylib -Xlinker /Users/peyton/Projects/sun-day/.DerivedData/Build/Intermediates.noindex/sun-day.build/Debug-iphonesimulator/sun-day.build/SunscreenTrack-DebugDylibPath-normal-arm64.txt -Xlinker -sectcreate -Xlinker __TEXT -Xlinker __debug_instlnm -Xlinker /Users/peyton/Projects/sun-day/.DerivedData/Build/Intermediates.noindex/sun-day.build/Debug-iphonesimulator/sun-day.build/SunscreenTrack-DebugDylibInstallName-normal-arm64.txt -Xlinker -filelist -Xlinker /Users/peyton/Projects/sun-day/.DerivedData/Build/Intermediates.noindex/sun-day.build/Debug-iphonesimulator/sun-day.build/SunscreenTrack-ExecutorLinkFileList-normal-arm64.txt -Xlinker -sectcreate -Xlinker __TEXT -Xlinker __entitlements -Xlinker /Users/peyton/Projects/sun-day/.DerivedData/Build/Intermediates.noindex/sun-day.build/Debug-iphonesimulator/sun-day.build/SunscreenTrack.app-Simulated.xcent -Xlinker -sectcreate -Xlinker __TEXT -Xlinker __ents_der -Xlinker /Users/peyton/Projects/sun-day/.DerivedData/Build/Intermediates.noindex/sun-day.build/Debug-iphonesimulator/sun-day.build/SunscreenTrack.app-Simulated.xcent.der /Users/peyton/Projects/sun-day/.DerivedData/Build/Products/Debug-iphonesimulator/SunscreenTrack.app/SunscreenTrack.debug.dylib -Xlinker -no_adhoc_codesign -o /Users/peyton/Projects/sun-day/.DerivedData/Build/Products/Debug-iphonesimulator/SunscreenTrack.app/SunscreenTrack

CopySwiftLibs /Users/peyton/Projects/sun-day/.DerivedData/Build/Products/Debug-iphonesimulator/SunscreenTrack.app (in target 'sun-day' from project 'sun-day')
    cd /Users/peyton/Projects/sun-day
    builtin-swiftStdLibTool --copy --verbose --sign - --scan-executable /Users/peyton/Projects/sun-day/.DerivedData/Build/Products/Debug-iphonesimulator/SunscreenTrack.app/SunscreenTrack.debug.dylib --scan-folder /Users/peyton/Projects/sun-day/.DerivedData/Build/Products/Debug-iphonesimulator/SunscreenTrack.app/Frameworks --scan-folder /Users/peyton/Projects/sun-day/.DerivedData/Build/Products/Debug-iphonesimulator/SunscreenTrack.app/PlugIns --scan-folder /Users/peyton/Projects/sun-day/.DerivedData/Build/Products/Debug-iphonesimulator/SunscreenTrack.app/SystemExtensions --scan-folder /Users/peyton/Projects/sun-day/.DerivedData/Build/Products/Debug-iphonesimulator/SunscreenTrack.app/Extensions --platform iphonesimulator --toolchain /Applications/Xcode-26.3.0-Release.Candidate.2.app/Contents/Developer/Toolchains/XcodeDefault.xctoolchain --destination /Users/peyton/Projects/sun-day/.DerivedData/Build/Products/Debug-iphonesimulator/SunscreenTrack.app/Frameworks --strip-bitcode --strip-bitcode-tool /Applications/Xcode-26.3.0-Release.Candidate.2.app/Contents/Developer/Toolchains/XcodeDefault.xctoolchain/usr/bin/bitcode_strip --emit-dependency-info /Users/peyton/Projects/sun-day/.DerivedData/Build/Intermediates.noindex/sun-day.build/Debug-iphonesimulator/sun-day.build/SwiftStdLibToolInputDependencies.dep --filter-for-swift-os

ExtractAppIntentsMetadata (in target 'sun-day' from project 'sun-day')
    cd /Users/peyton/Projects/sun-day
    /Applications/Xcode-26.3.0-Release.Candidate.2.app/Contents/Developer/Toolchains/XcodeDefault.xctoolchain/usr/bin/appintentsmetadataprocessor --toolchain-dir /Applications/Xcode-26.3.0-Release.Candidate.2.app/Contents/Developer/Toolchains/XcodeDefault.xctoolchain --module-name SunscreenTrack --sdk-root /Applications/Xcode-26.3.0-Release.Candidate.2.app/Contents/Developer/Platforms/iPhoneSimulator.platform/Developer/SDKs/iPhoneSimulator26.2.sdk --xcode-version 17C528 --platform-family iOS --deployment-target 18.0 --bundle-identifier app.peyton.sun-day --output /Users/peyton/Projects/sun-day/.DerivedData/Build/Products/Debug-iphonesimulator/SunscreenTrack.app --target-triple arm64-apple-ios18.0-simulator --binary-file /Users/peyton/Projects/sun-day/.DerivedData/Build/Products/Debug-iphonesimulator/SunscreenTrack.app/SunscreenTrack --dependency-file /Users/peyton/Projects/sun-day/.DerivedData/Build/Intermediates.noindex/sun-day.build/Debug-iphonesimulator/sun-day.build/Objects-normal/arm64/SunscreenTrack_dependency_info.dat --stringsdata-file /Users/peyton/Projects/sun-day/.DerivedData/Build/Intermediates.noindex/sun-day.build/Debug-iphonesimulator/sun-day.build/Objects-normal/arm64/ExtractedAppShortcutsMetadata.stringsdata --source-file-list /Users/peyton/Projects/sun-day/.DerivedData/Build/Intermediates.noindex/sun-day.build/Debug-iphonesimulator/sun-day.build/Objects-normal/arm64/SunscreenTrack.SwiftFileList --metadata-file-list /Users/peyton/Projects/sun-day/.DerivedData/Build/Intermediates.noindex/sun-day.build/Debug-iphonesimulator/sun-day.build/SunscreenTrack.DependencyMetadataFileList --static-metadata-file-list /Users/peyton/Projects/sun-day/.DerivedData/Build/Intermediates.noindex/sun-day.build/Debug-iphonesimulator/sun-day.build/SunscreenTrack.DependencyStaticMetadataFileList --swift-const-vals-list /Users/peyton/Projects/sun-day/.DerivedData/Build/Intermediates.noindex/sun-day.build/Debug-iphonesimulator/sun-day.build/Objects-normal/arm64/SunscreenTrack.SwiftConstValuesFileList --compile-time-extraction --deployment-aware-processing --validate-assistant-intents --no-app-shortcuts-localization
2026-03-10 13:40:39.982 appintentsmetadataprocessor[99132:1013748] Starting appintentsmetadataprocessor export
2026-03-10 13:40:39.987 appintentsmetadataprocessor[99132:1013748] warning: Metadata extraction skipped. No AppIntents.framework dependency found.

AppIntentsSSUTraining (in target 'sun-day' from project 'sun-day')
    cd /Users/peyton/Projects/sun-day
    /Applications/Xcode-26.3.0-Release.Candidate.2.app/Contents/Developer/Toolchains/XcodeDefault.xctoolchain/usr/bin/appintentsnltrainingprocessor --infoplist-path /Users/peyton/Projects/sun-day/.DerivedData/Build/Products/Debug-iphonesimulator/SunscreenTrack.app/Info.plist --temp-dir-path /Users/peyton/Projects/sun-day/.DerivedData/Build/Intermediates.noindex/sun-day.build/Debug-iphonesimulator/sun-day.build/ssu --bundle-id app.peyton.sun-day --product-path /Users/peyton/Projects/sun-day/.DerivedData/Build/Products/Debug-iphonesimulator/SunscreenTrack.app --extracted-metadata-path /Users/peyton/Projects/sun-day/.DerivedData/Build/Products/Debug-iphonesimulator/SunscreenTrack.app/Metadata.appintents --metadata-file-list /Users/peyton/Projects/sun-day/.DerivedData/Build/Intermediates.noindex/sun-day.build/Debug-iphonesimulator/sun-day.build/SunscreenTrack.DependencyMetadataFileList --archive-ssu-assets
2026-03-10 13:40:40.014 appintentsnltrainingprocessor[99202:1013821] Parsing options for appintentsnltrainingprocessor
2026-03-10 13:40:40.014 appintentsnltrainingprocessor[99202:1013821] No AppShortcuts found - Skipping.

CodeSign /Users/peyton/Projects/sun-day/.DerivedData/Build/Products/Debug-iphonesimulator/SunscreenTrack.app/SunscreenTrack.debug.dylib (in target 'sun-day' from project 'sun-day')
    cd /Users/peyton/Projects/sun-day
    
    Signing Identity:     "Sign to Run Locally"
    
    /usr/bin/codesign --force --sign - --timestamp\=none --generate-entitlement-der /Users/peyton/Projects/sun-day/.DerivedData/Build/Products/Debug-iphonesimulator/SunscreenTrack.app/SunscreenTrack.debug.dylib

CodeSign /Users/peyton/Projects/sun-day/.DerivedData/Build/Products/Debug-iphonesimulator/SunscreenTrack.app/__preview.dylib (in target 'sun-day' from project 'sun-day')
    cd /Users/peyton/Projects/sun-day
    
    Signing Identity:     "Sign to Run Locally"
    
    /usr/bin/codesign --force --sign - --timestamp\=none --generate-entitlement-der /Users/peyton/Projects/sun-day/.DerivedData/Build/Products/Debug-iphonesimulator/SunscreenTrack.app/__preview.dylib

CodeSign /Users/peyton/Projects/sun-day/.DerivedData/Build/Products/Debug-iphonesimulator/SunscreenTrack.app (in target 'sun-day' from project 'sun-day')
    cd /Users/peyton/Projects/sun-day
    
    Signing Identity:     "Sign to Run Locally"
    
    /usr/bin/codesign --force --sign - --entitlements /Users/peyton/Projects/sun-day/.DerivedData/Build/Intermediates.noindex/sun-day.build/Debug-iphonesimulator/sun-day.build/SunscreenTrack.app.xcent --timestamp\=none --generate-entitlement-der /Users/peyton/Projects/sun-day/.DerivedData/Build/Products/Debug-iphonesimulator/SunscreenTrack.app

Validate /Users/peyton/Projects/sun-day/.DerivedData/Build/Products/Debug-iphonesimulator/SunscreenTrack.app (in target 'sun-day' from project 'sun-day')
    cd /Users/peyton/Projects/sun-day
    builtin-validationUtility /Users/peyton/Projects/sun-day/.DerivedData/Build/Products/Debug-iphonesimulator/SunscreenTrack.app -shallow-bundle -infoplist-subpath Info.plist

** BUILD SUCCEEDED **

